<?xml version="1.0" encoding="UTF-8"?>
<testsuite xmlns:xsi="http://www.w3.org/2001/XMLSchema-instance" xsi:noNamespaceSchemaLocation="https://maven.apache.org/surefire/maven-surefire-plugin/xsd/surefire-test-report-3.0.xsd" version="3.0" name="com.selimhorri.app.service.UserServiceImplTest" time="0.135" tests="7" errors="0" skipped="0" failures="0">
  <properties>
[...]
</properties>
  <testcase name="testFindByUsername_WhenUserDoesNotExist_ShouldThrowException" classname="com.selimhorri.app.service.UserServiceImplTest" time="0.105">
    <system-out><![CDATA[2025-11-03 20:32:14.399  INFO [USER-SERVICE,,] 8813 --- [           main] c.s.app.service.impl.UserServiceImpl     : *** UserDto, service; fetch user with username *
]]></system-out>
  </testcase>
  <testcase name="testFindByUsername_WhenUserExists_ShouldReturnUser" classname="com.selimhorri.app.service.UserServiceImplTest" time="0.002">
    <system-out><![CDATA[2025-11-03 20:32:14.417  INFO [USER-SERVICE,,] 8813 --- [           main] c.s.app.service.impl.UserServiceImpl     : *** UserDto, service; fetch user with username *
]]></system-out>
  </testcase>
  <testcase name="testSave_ShouldPersistAndReturnUser" classname="com.selimhorri.app.service.UserServiceImplTest" time="0.005">
    <system-out><![CDATA[2025-11-03 20:32:14.421  INFO [USER-SERVICE,,] 8813 --- [           main] c.s.app.service.impl.UserServiceImpl     : *** UserDto, service; save user *
]]></system-out>
  </testcase>
  <testcase name="testFindAll_ShouldReturnUserList" classname="com.selimhorri.app.service.UserServiceImplTest" time="0.004">
    <system-out><![CDATA[2025-11-03 20:32:14.426  INFO [USER-SERVICE,,] 8813 --- [           main] c.s.app.service.impl.UserServiceImpl     : *** UserDto List, service; fetch all users *
]]></system-out>
  </testcase>
  <testcase name="testFindById_WhenUserExists_ShouldReturnUser" classname="com.selimhorri.app.service.UserServiceImplTest" time="0.003">
    <system-out><![CDATA[2025-11-03 20:32:14.431  INFO [USER-SERVICE,,] 8813 --- [           main] c.s.app.service.impl.UserServiceImpl     : *** UserDto, service; fetch user by id *
]]></system-out>
  </testcase>
  <testcase name="testFindById_WhenUserDoesNotExist_ShouldThrowException" classname="com.selimhorri.app.service.UserServiceImplTest" time="0.003">
    <system-out><![CDATA[2025-11-03 20:32:14.435  INFO [USER-SERVICE,,] 8813 --- [           main] c.s.app.service.impl.UserServiceImpl     : *** UserDto, service; fetch user by id *
]]></system-out>
  </testcase>
  <testcase name="testDeleteById_ShouldInvokeRepositoryDelete" classname="com.selimhorri.app.service.UserServiceImplTest" time="0.005">
    <system-out><![CDATA[2025-11-03 20:32:14.441  INFO [USER-SERVICE,,] 8813 --- [           main] c.s.app.service.impl.UserServiceImpl     : *** Void, service; delete user by id *
]]></system-out>
  </testcase>
</testsuite>